[debug] [2022-10-24T08:42:13.313Z] ----------------------------------------------------------------------
[debug] [2022-10-24T08:42:13.316Z] Command:       C:\Program Files\nodejs\node.exe C:\Users\Haley\AppData\Roaming\npm\node_modules\firebase-tools\lib\bin\firebase.js init
[debug] [2022-10-24T08:42:13.316Z] CLI Version:   11.9.0
[debug] [2022-10-24T08:42:13.316Z] Platform:      win32
[debug] [2022-10-24T08:42:13.316Z] Node Version:  v16.14.0
[debug] [2022-10-24T08:42:13.325Z] Time:          Mon Oct 24 2022 17:42:13 GMT+0900 (日本標準時)
[debug] [2022-10-24T08:42:13.325Z] ----------------------------------------------------------------------
[debug] 
[debug] [2022-10-24T08:42:13.329Z] >>> [apiv2][query] GET https://firebase-public.firebaseio.com/cli.json [none]
[debug] [2022-10-24T08:42:13.348Z] > command requires scopes: ["email","openid","https://www.googleapis.com/auth/cloudplatformprojects.readonly","https://www.googleapis.com/auth/firebase","https://www.googleapis.com/auth/cloud-platform"]
[debug] [2022-10-24T08:42:13.348Z] > authorizing via signed-in user (haleyhalcyon@gmail.com)
[info] 
     ######## #### ########  ######## ########     ###     ######  ########
     ##        ##  ##     ## ##       ##     ##  ##   ##  ##       ##
     ######    ##  ########  ######   ########  #########  ######  ######
     ##        ##  ##    ##  ##       ##     ## ##     ##       ## ##
     ##       #### ##     ## ######## ########  ##     ##  ######  ########

You're about to initialize a Firebase project in this directory:

  D:\GitHub\haitouch-firebase

[debug] [2022-10-24T08:42:13.802Z] <<< [apiv2][status] GET https://firebase-public.firebaseio.com/cli.json 200
[debug] [2022-10-24T08:42:13.802Z] <<< [apiv2][body] GET https://firebase-public.firebaseio.com/cli.json {"cloudBuildErrorAfter":1594252800000,"cloudBuildWarnAfter":1590019200000,"defaultNode10After":1594252800000,"minVersion":"3.0.5","node8DeploysDisabledAfter":1613390400000,"node8RuntimeDisabledAfter":1615809600000,"node8WarnAfter":1600128000000}
[info] 
=== Project Setup
[info] 
[info] First, let's associate this project directory with a Firebase project.
[info] You can create multiple project aliases by running firebase use --add, 
[info] but for now we'll just set up a default project.
[info] 
[debug] [2022-10-24T08:42:47.308Z] > refreshing access token with scopes: []
[debug] [2022-10-24T08:42:47.309Z] >>> [apiv2][query] POST https://www.googleapis.com/oauth2/v3/token [none]
[debug] [2022-10-24T08:42:47.309Z] >>> [apiv2][body] POST https://www.googleapis.com/oauth2/v3/token [omitted]
[debug] [2022-10-24T08:42:47.503Z] <<< [apiv2][status] POST https://www.googleapis.com/oauth2/v3/token 200
[debug] [2022-10-24T08:42:47.503Z] <<< [apiv2][body] POST https://www.googleapis.com/oauth2/v3/token [omitted]
[debug] [2022-10-24T08:42:47.511Z] >>> [apiv2][query] GET https://firebase.googleapis.com/v1beta1/projects pageSize=100
[debug] [2022-10-24T08:42:48.140Z] <<< [apiv2][status] GET https://firebase.googleapis.com/v1beta1/projects 200
[debug] [2022-10-24T08:42:48.140Z] <<< [apiv2][body] GET https://firebase.googleapis.com/v1beta1/projects [omitted]
[info] i  Using project haitouch-9320f (haitouch) 
[info] 
=== Database Setup
[info] i  database: ensuring required API firebasedatabase.googleapis.com is enabled... 
[debug] [2022-10-24T08:42:49.437Z] >>> [apiv2][query] GET https://serviceusage.googleapis.com/v1/projects/haitouch-9320f/services/firebasedatabase.googleapis.com [none]
[debug] [2022-10-24T08:42:50.520Z] <<< [apiv2][status] GET https://serviceusage.googleapis.com/v1/projects/haitouch-9320f/services/firebasedatabase.googleapis.com 200
[debug] [2022-10-24T08:42:50.521Z] <<< [apiv2][body] GET https://serviceusage.googleapis.com/v1/projects/haitouch-9320f/services/firebasedatabase.googleapis.com [omitted]
[info] +  database: required API firebasedatabase.googleapis.com is enabled 
[info] 
[debug] [2022-10-24T08:42:50.522Z] >>> [apiv2][query] GET https://firebasedatabase.googleapis.com/v1beta/projects/haitouch-9320f/locations/-/instances/haitouch-9320f-default-rtdb [none]
[debug] [2022-10-24T08:42:50.967Z] <<< [apiv2][status] GET https://firebasedatabase.googleapis.com/v1beta/projects/haitouch-9320f/locations/-/instances/haitouch-9320f-default-rtdb 200
[debug] [2022-10-24T08:42:50.967Z] <<< [apiv2][body] GET https://firebasedatabase.googleapis.com/v1beta/projects/haitouch-9320f/locations/-/instances/haitouch-9320f-default-rtdb {"name":"projects/850603279750/locations/us-central1/instances/haitouch-9320f-default-rtdb","project":"projects/850603279750","databaseUrl":"https://haitouch-9320f-default-rtdb.firebaseio.com","type":"DEFAULT_DATABASE","state":"ACTIVE"}
[info] 
[info] Firebase Realtime Database Security Rules allow you to define how your data should be
[info] structured and when your data can be read from and written to.
[info] 
[debug] [2022-10-24T08:42:53.939Z] >>> [apiv2][query] GET https://haitouch-9320f-default-rtdb.firebaseio.com/.settings/rules.json [none]
[debug] [2022-10-24T08:42:54.337Z] <<< [apiv2][status] GET https://haitouch-9320f-default-rtdb.firebaseio.com/.settings/rules.json 200
[debug] [2022-10-24T08:42:54.337Z] <<< [apiv2][body] GET https://haitouch-9320f-default-rtdb.firebaseio.com/.settings/rules.json [stream]
[info] +  Database Rules for haitouch-9320f-default-rtdb have been written to database.rules.json. 
[info] Future modifications to database.rules.json will update Realtime Database Security Rules when you run
[info] firebase deploy.
[info] 
=== Hosting Setup
[info] 
[info] Your public directory is the folder (relative to your project directory) that
[info] will contain Hosting assets to be uploaded with firebase deploy. If you
[info] have a build process for your assets, use your build's output directory.
[info] 
[info] +  Wrote public/404.html 
[debug] [2022-10-24T08:43:19.796Z] >>> [apiv2][query] GET https://www.gstatic.com/firebasejs/releases.json [none]
[debug] [2022-10-24T08:43:19.917Z] <<< [apiv2][status] GET https://www.gstatic.com/firebasejs/releases.json 200
[debug] [2022-10-24T08:43:19.917Z] <<< [apiv2][body] GET https://www.gstatic.com/firebasejs/releases.json {"current":{"version":"9.12.1","browserURL":"https://www.gstatic.com/firebasejs/9.12.1/firebase.js","packageURL":"https://www.gstatic.com/firebasejs/9.12.1/firebase.tgz"},"live":{"version":"9.12","browserURL":"https://www.gstatic.com/firebasejs/live/9.12/firebase.js","packageURL":"https://www.gstatic.com/firebasejs/live/9.12/firebase.tgz"},"components":{"analytics":"https://www.gstatic.com/firebasejs/9.12.1/firebase-analytics.js","app":"https://www.gstatic.com/firebasejs/9.12.1/firebase-app.js","app-check":"https://www.gstatic.com/firebasejs/9.12.1/firebase-app-check.js","auth":"https://www.gstatic.com/firebasejs/9.12.1/firebase-auth.js","auth/cordova":"https://www.gstatic.com/firebasejs/9.12.1/firebase-auth/cordova.js","auth/react-native":"https://www.gstatic.com/firebasejs/9.12.1/firebase-auth/react-native.js","functions":"https://www.gstatic.com/firebasejs/9.12.1/firebase-functions.js","firestore":"https://www.gstatic.com/firebasejs/9.12.1/firebase-firestore.js","firestore/lite":"https://www.gstatic.com/firebasejs/9.12.1/firebase-firestore/lite.js","installations":"https://www.gstatic.com/firebasejs/9.12.1/firebase-installations.js","storage":"https://www.gstatic.com/firebasejs/9.12.1/firebase-storage.js","performance":"https://www.gstatic.com/firebasejs/9.12.1/firebase-performance.js","remote-config":"https://www.gstatic.com/firebasejs/9.12.1/firebase-remote-config.js","messaging":"https://www.gstatic.com/firebasejs/9.12.1/firebase-messaging.js","messaging/sw":"https://www.gstatic.com/firebasejs/9.12.1/firebase-messaging/sw.js","database":"https://www.gstatic.com/firebasejs/9.12.1/firebase-database.js","firestore.memory":"https://www.gstatic.com/firebasejs/9.12.1/firebase-firestore.memory.js"}}
[info] +  Wrote public/index.html 
[info] 
[info] i  Didn't detect a .git folder. Assuming D:\GitHub\haitouch-firebase is the project root. 
[info] i  Authorizing with GitHub to upload your service account to a GitHub repository's secrets store. 
[info] 
[info] Visit this URL on this device to log in:
[info] https://github.com/login/oauth/authorize?client_id=89cf50f02ac6aaed3484&state=865043055&redirect_uri=http%3A%2F%2Flocalhost%3A9005&scope=read%3Auser%20repo%20public_repo
[info] 
[info] Waiting for authentication...
[debug] [2022-10-24T08:43:29.258Z] >>> [apiv2][query] POST https://github.com/login/oauth/access_token [none]
[debug] [2022-10-24T08:43:29.258Z] >>> [apiv2][body] POST https://github.com/login/oauth/access_token [stream]
[debug] [2022-10-24T08:43:29.636Z] <<< [apiv2][status] POST https://github.com/login/oauth/access_token 200
[debug] [2022-10-24T08:43:29.636Z] <<< [apiv2][body] POST https://github.com/login/oauth/access_token {"access_token":"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","token_type":"bearer","scope":"read:user,repo"}
[debug] [2022-10-24T08:43:29.642Z] >>> [apiv2][query] GET https://api.github.com/user [none]
[debug] [2022-10-24T08:43:30.008Z] <<< [apiv2][status] GET https://api.github.com/user 200
[debug] [2022-10-24T08:43:30.008Z] <<< [apiv2][body] GET https://api.github.com/user {"login":"JapanYoshi","id":8707990,"node_id":"MDQ6VXNlcjg3MDc5OTA=","avatar_url":"https://avatars.githubusercontent.com/u/8707990?v=4","gravatar_id":"","url":"https://api.github.com/users/JapanYoshi","html_url":"https://github.com/JapanYoshi","followers_url":"https://api.github.com/users/JapanYoshi/followers","following_url":"https://api.github.com/users/JapanYoshi/following{/other_user}","gists_url":"https://api.github.com/users/JapanYoshi/gists{/gist_id}","starred_url":"https://api.github.com/users/JapanYoshi/starred{/owner}{/repo}","subscriptions_url":"https://api.github.com/users/JapanYoshi/subscriptions","organizations_url":"https://api.github.com/users/JapanYoshi/orgs","repos_url":"https://api.github.com/users/JapanYoshi/repos","events_url":"https://api.github.com/users/JapanYoshi/events{/privacy}","received_events_url":"https://api.github.com/users/JapanYoshi/received_events","type":"User","site_admin":false,"name":null,"company":null,"blog":"","location":null,"email":null,"hireable":null,"bio":null,"twitter_username":null,"public_repos":25,"public_gists":1,"followers":13,"following":0,"created_at":"2014-09-09T10:17:52Z","updated_at":"2022-01-27T07:43:06Z","private_gists":5,"total_private_repos":3,"owned_private_repos":3,"disk_usage":2397773,"collaborators":1,"two_factor_authentication":false,"plan":{"name":"free","space":976562499,"collaborators":0,"private_repos":10000}}
[info] 
[info] +  Success! Logged into GitHub as JapanYoshi 
[info] 
